$ pytest
============================= test session starts ==============================
platform darwin -- Python 3.11.4, pytest-7.4.0, pluggy-1.3.0
rootdir: /Users/stas/code/myproj
cachedir: .pytest_cache
plugins: anyio-3.7.1, asyncio-0.21.1, cov-4.1.0
collected 18 items

tests/test_auth.py ......                                                [ 33%]
tests/test_api.py .........                                              [ 83%]
tests/test_utils.py ...F                                                 [100%]

=================================== FAILURES ===================================
______________________________ test_parse_invalid ______________________________

    def test_parse_invalid():
>       assert parse("bogus") == 42
E       AssertionError: assert None == 42

tests/test_utils.py:18: AssertionError
=========================== short test summary info ============================
FAILED tests/test_utils.py::test_parse_invalid - AssertionError
========================= 1 failed, 17 passed in 0.42s =========================
